<?xml version="1.0" encoding="UTF-8"?>
<testng-results skipped="0" failed="0" total="2" passed="2">
  <reporter-output>
  </reporter-output>
  <suite name="NavigatorSuite" duration-ms="49938" started-at="2018-12-18T11:17:10Z" finished-at="2018-12-18T11:18:00Z">
    <groups>
    </groups>
    <test name="NavigatorTest-Smoke" duration-ms="49938" started-at="2018-12-18T11:17:10Z" finished-at="2018-12-18T11:18:00Z">
      <class name="com.DemandPortal.testcases.LoginTestCase">
        <test-method status="PASS" signature="loginSESA402879SS()[pri:1, instance:com.DemandPortal.testcases.LoginTestCase@7722c3c3]" name="loginSESA402879SS" duration-ms="41504" started-at="2018-12-18T16:47:18Z" finished-at="2018-12-18T16:47:59Z">
          <reporter-output>
          </reporter-output>
        </test-method> <!-- loginSESA402879SS -->
        <test-method status="PASS" signature="afterEachMethod()[pri:0, instance:com.DemandPortal.testcases.LoginTestCase@7722c3c3]" name="afterEachMethod" is-config="true" duration-ms="107" started-at="2018-12-18T16:47:59Z" finished-at="2018-12-18T16:47:59Z">
          <reporter-output>
          </reporter-output>
        </test-method> <!-- afterEachMethod -->
        <test-method status="PASS" signature="afterTest()[pri:0, instance:com.DemandPortal.testcases.LoginTestCase@7722c3c3]" name="afterTest" is-config="true" duration-ms="93" started-at="2018-12-18T16:47:59Z" finished-at="2018-12-18T16:48:00Z">
          <reporter-output>
          </reporter-output>
        </test-method> <!-- afterTest -->
      </class> <!-- com.DemandPortal.testcases.LoginTestCase -->
      <class name="com.DemandPortal.testcases.Startup_debug">
        <test-method status="PASS" signature="initWebDriver(java.lang.String, java.lang.String, java.lang.String, java.lang.String, java.lang.String, java.lang.String, java.lang.String, java.lang.String, java.lang.String, java.lang.String)[pri:0, instance:com.DemandPortal.testcases.Startup_debug@68999068]" name="initWebDriver" is-config="true" duration-ms="132" started-at="2018-12-18T16:47:10Z" finished-at="2018-12-18T16:47:10Z">
          <params>
            <param index="0">
              <value>
                <![CDATA[CHROME]]>
              </value>
            </param>
            <param index="1">
              <value>
                <![CDATA[20]]>
              </value>
            </param>
            <param index="2">
              <value>
                <![CDATA[WINDOWS]]>
              </value>
            </param>
            <param index="3">
              <value>
                <![CDATA[7]]>
              </value>
            </param>
            <param index="4">
              <value>
                <![CDATA[local]]>
              </value>
            </param>
            <param index="5">
              <value>
                <![CDATA[Navigator_TestData.properties]]>
              </value>
            </param>
            <param index="6">
              <value>
                <![CDATA[/SeleniumAutomationTesting/]]>
              </value>
            </param>
            <param index="7">
              <value>
                <![CDATA[debug]]>
              </value>
            </param>
            <param index="8">
              <value>
                <![CDATA[false]]>
              </value>
            </param>
            <param index="9">
              <value>
                <![CDATA[true]]>
              </value>
            </param>
          </params>
          <reporter-output>
          </reporter-output>
        </test-method> <!-- initWebDriver -->
        <test-method status="PASS" signature="openPortal()[pri:0, instance:com.DemandPortal.testcases.Startup_debug@68999068]" name="openPortal" duration-ms="8136" started-at="2018-12-18T16:47:10Z" finished-at="2018-12-18T16:47:18Z">
          <reporter-output>
          </reporter-output>
        </test-method> <!-- openPortal -->
        <test-method status="PASS" signature="afterEachMethod()[pri:0, instance:com.DemandPortal.testcases.Startup_debug@68999068]" name="afterEachMethod" is-config="true" duration-ms="68" started-at="2018-12-18T16:47:18Z" finished-at="2018-12-18T16:47:18Z">
          <reporter-output>
          </reporter-output>
        </test-method> <!-- afterEachMethod -->
        <test-method status="PASS" signature="quitWebDriver()[pri:0, instance:com.DemandPortal.testcases.Startup_debug@68999068]" name="quitWebDriver" is-config="true" duration-ms="3106" started-at="2018-12-18T16:48:00Z" finished-at="2018-12-18T16:48:03Z">
          <reporter-output>
          </reporter-output>
        </test-method> <!-- quitWebDriver -->
      </class> <!-- com.DemandPortal.testcases.Startup_debug -->
    </test> <!-- NavigatorTest-Smoke -->
  </suite> <!-- NavigatorSuite -->
</testng-results>
