<?xml version="1.0" encoding="UTF-8"?>
<testsuite xmlns:xsi="http://www.w3.org/2001/XMLSchema-instance" xsi:noNamespaceSchemaLocation="https://maven.apache.org/surefire/maven-surefire-plugin/xsd/surefire-test-report.xsd" name="TestSuite" time="17.923" tests="2" errors="0" skipped="0" failures="0">
  <properties>
[...]
</properties>
  <testcase name="openPortal" classname="com.DemandPortal.testcases.Startup_debug" time="7.226"/>
  <testcase name="loginSukur" classname="com.DemandPortal.testcases.LoginTestCase" time="0.463"/>
</testsuite>