<?xml version="1.0" encoding="UTF-8"?>
<testng-results total="2" passed="2" failed="0" skipped="0">
  <reporter-output>
  </reporter-output>
  <suite started-at="2018-12-18T12:25:14Z" name="NavigatorSuite" finished-at="2018-12-18T12:25:22Z" duration-ms="7835">
    <groups>
    </groups>
    <test started-at="2018-12-18T12:25:14Z" name="NavigatorTest-Smoke" finished-at="2018-12-18T12:25:22Z" duration-ms="7835">
      <class name="com.DemandPortal.testcases.LoginTestCase">
        <test-method signature="loginSukur()[pri:1, instance:com.DemandPortal.testcases.LoginTestCase@73a1e9a9]" started-at="2018-12-18T17:55:22Z" name="loginSukur" finished-at="2018-12-18T17:55:22Z" duration-ms="463" status="PASS">
          <reporter-output>
          </reporter-output>
        </test-method> <!-- loginSukur -->
        <test-method is-config="true" signature="afterEachMethod()[pri:0, instance:com.DemandPortal.testcases.LoginTestCase@73a1e9a9]" started-at="2018-12-18T17:55:22Z" name="afterEachMethod" finished-at="2018-12-18T17:55:22Z" duration-ms="28" status="PASS">
          <reporter-output>
          </reporter-output>
        </test-method> <!-- afterEachMethod -->
        <test-method is-config="true" signature="afterTest()[pri:0, instance:com.DemandPortal.testcases.LoginTestCase@73a1e9a9]" started-at="2018-12-18T17:55:22Z" name="afterTest" finished-at="2018-12-18T17:55:22Z" duration-ms="38" status="PASS">
          <reporter-output>
          </reporter-output>
        </test-method> <!-- afterTest -->
      </class> <!-- com.DemandPortal.testcases.LoginTestCase -->
      <class name="com.DemandPortal.testcases.Startup_debug">
        <test-method is-config="true" signature="initWebDriver(java.lang.String, java.lang.String, java.lang.String, java.lang.String, java.lang.String, java.lang.String, java.lang.String, java.lang.String, java.lang.String, java.lang.String)[pri:0, instance:com.DemandPortal.testcases.Startup_debug@77888435]" started-at="2018-12-18T17:55:14Z" name="initWebDriver" finished-at="2018-12-18T17:55:14Z" duration-ms="351" status="PASS">
          <params>
            <param index="0">
              <value>
                <![CDATA[CHROME]]>
              </value>
            </param>
            <param index="1">
              <value>
                <![CDATA[20]]>
              </value>
            </param>
            <param index="2">
              <value>
                <![CDATA[WINDOWS]]>
              </value>
            </param>
            <param index="3">
              <value>
                <![CDATA[7]]>
              </value>
            </param>
            <param index="4">
              <value>
                <![CDATA[local]]>
              </value>
            </param>
            <param index="5">
              <value>
                <![CDATA[Navigator_TestData.properties]]>
              </value>
            </param>
            <param index="6">
              <value>
                <![CDATA[/SeleniumAutomationTesting/]]>
              </value>
            </param>
            <param index="7">
              <value>
                <![CDATA[debug]]>
              </value>
            </param>
            <param index="8">
              <value>
                <![CDATA[false]]>
              </value>
            </param>
            <param index="9">
              <value>
                <![CDATA[true]]>
              </value>
            </param>
          </params>
          <reporter-output>
          </reporter-output>
        </test-method> <!-- initWebDriver -->
        <test-method signature="openPortal()[pri:0, instance:com.DemandPortal.testcases.Startup_debug@77888435]" started-at="2018-12-18T17:55:14Z" name="openPortal" finished-at="2018-12-18T17:55:22Z" duration-ms="7225" status="PASS">
          <reporter-output>
          </reporter-output>
        </test-method> <!-- openPortal -->
        <test-method is-config="true" signature="afterEachMethod()[pri:0, instance:com.DemandPortal.testcases.Startup_debug@77888435]" started-at="2018-12-18T17:55:22Z" name="afterEachMethod" finished-at="2018-12-18T17:55:22Z" duration-ms="69" status="PASS">
          <reporter-output>
          </reporter-output>
        </test-method> <!-- afterEachMethod -->
        <test-method is-config="true" signature="quitWebDriver()[pri:0, instance:com.DemandPortal.testcases.Startup_debug@77888435]" started-at="2018-12-18T17:55:22Z" name="quitWebDriver" finished-at="2018-12-18T17:55:31Z" duration-ms="9119" status="PASS">
          <reporter-output>
          </reporter-output>
        </test-method> <!-- quitWebDriver -->
      </class> <!-- com.DemandPortal.testcases.Startup_debug -->
    </test> <!-- NavigatorTest-Smoke -->
  </suite> <!-- NavigatorSuite -->
</testng-results>
